TN:
SF:/Users/changming/projects/alibaba/uxcore/uxcore-cascade-select/src/index.js
FNF:0
FNH:0
DA:11,1
LF:1
LH:1
BRF:0
BRH:0
end_of_record
TN:
SF:/Users/changming/projects/alibaba/uxcore/uxcore-cascade-select/src/CascadeSelect.jsx
FN:25,_interopRequireDefault
FN:27,_defaults
FN:29,_defineProperty
FN:31,_classCallCheck
FN:33,_possibleConstructorReturn
FN:35,_inherits
FN:44,(anonymous_7)
FN:47,CascadeSelect
FN:67,saveRef
FN:69,(anonymous_10)
FN:74,getSelectedOptions
FN:85,_loop
FN:91,(anonymous_13)
FN:113,componentWillReceiveProps
FN:126,onSubmenuItemClick
FN:166,clearContent
FN:180,onDropDownVisibleChange
FN:188,renderContent
FN:246,render
FN:292,onChange
FN:298,beforeRender
FN:300,(anonymous_22)
FNF:22
FNH:20
FNDA:5,_interopRequireDefault
FNDA:1,_defaults
FNDA:96,_defineProperty
FNDA:11,_classCallCheck
FNDA:11,_possibleConstructorReturn
FNDA:1,_inherits
FNDA:1,(anonymous_7)
FNDA:11,CascadeSelect
FNDA:16,saveRef
FNDA:25,(anonymous_10)
FNDA:11,getSelectedOptions
FNDA:6,_loop
FNDA:6,(anonymous_13)
FNDA:0,componentWillReceiveProps
FNDA:4,onSubmenuItemClick
FNDA:1,clearContent
FNDA:0,onDropDownVisibleChange
FNDA:16,renderContent
FNDA:16,render
FNDA:4,onChange
FNDA:5,beforeRender
FNDA:10,(anonymous_22)
DA:3,1
DA:5,1
DA:7,1
DA:9,1
DA:11,1
DA:13,1
DA:15,1
DA:17,1
DA:19,1
DA:21,1
DA:23,1
DA:25,5
DA:27,6
DA:29,96
DA:31,11
DA:33,11
DA:35,1
DA:44,1
DA:45,1
DA:47,1
DA:48,11
DA:50,11
DA:52,11
DA:55,11
DA:56,11
DA:61,11
DA:62,11
DA:63,11
DA:64,11
DA:67,1
DA:68,16
DA:69,16
DA:70,25
DA:74,1
DA:75,11
DA:76,11
DA:80,11
DA:81,11
DA:82,2
DA:83,2
DA:85,2
DA:86,6
DA:87,2
DA:89,4
DA:91,6
DA:92,6
DA:94,6
DA:95,6
DA:97,0
DA:98,0
DA:102,2
DA:103,6
DA:105,6
DA:107,9
DA:108,0
DA:110,11
DA:113,1
DA:114,0
DA:116,0
DA:117,0
DA:118,0
DA:126,1
DA:127,4
DA:130,4
DA:134,4
DA:135,4
DA:136,4
DA:137,4
DA:138,4
DA:139,4
DA:140,3
DA:141,3
DA:143,4
DA:144,4
DA:146,4
DA:147,0
DA:152,4
DA:153,3
DA:159,1
DA:166,1
DA:167,1
DA:168,1
DA:170,1
DA:175,1
DA:176,1
DA:180,1
DA:181,0
DA:183,0
DA:184,0
DA:188,1
DA:189,16
DA:191,16
DA:196,16
DA:202,16
DA:203,16
DA:204,15
DA:207,16
DA:246,1
DA:247,16
DA:254,16
DA:256,16
DA:257,1
DA:259,15
DA:260,15
DA:261,13
DA:270,15
DA:282,1
DA:285,1
DA:299,5
DA:300,5
DA:301,10
DA:304,0
DA:310,1
DA:326,1
DA:328,1
LF:115
LH:103
BRDA:25,1,0,0
BRDA:25,1,1,5
BRDA:25,2,0,5
BRDA:25,2,1,5
BRDA:27,3,0,1
BRDA:27,3,1,5
BRDA:27,4,0,6
BRDA:27,4,1,6
BRDA:27,4,2,1
BRDA:29,5,0,0
BRDA:29,5,1,96
BRDA:31,6,0,0
BRDA:31,6,1,11
BRDA:33,7,0,0
BRDA:33,7,1,11
BRDA:33,8,0,11
BRDA:33,8,1,0
BRDA:33,9,0,11
BRDA:33,9,1,11
BRDA:33,9,2,0
BRDA:35,10,0,0
BRDA:35,10,1,1
BRDA:35,11,0,1
BRDA:35,11,1,0
BRDA:35,12,0,1
BRDA:35,12,1,1
BRDA:35,13,0,1
BRDA:35,13,1,0
BRDA:35,14,0,0
BRDA:35,14,1,1
BRDA:57,15,0,11
BRDA:57,15,1,11
BRDA:58,16,0,11
BRDA:58,16,1,11
BRDA:80,17,0,11
BRDA:80,17,1,11
BRDA:81,18,0,2
BRDA:81,18,1,9
BRDA:81,19,0,11
BRDA:81,19,1,11
BRDA:86,20,0,2
BRDA:86,20,1,4
BRDA:89,21,0,4
BRDA:89,21,1,4
BRDA:94,22,0,6
BRDA:94,22,1,0
BRDA:94,23,0,6
BRDA:94,23,1,6
BRDA:105,24,0,0
BRDA:105,24,1,6
BRDA:107,25,0,0
BRDA:107,25,1,9
BRDA:107,26,0,9
BRDA:107,26,1,9
BRDA:116,27,0,0
BRDA:116,27,1,0
BRDA:139,28,0,3
BRDA:139,28,1,1
BRDA:143,29,0,4
BRDA:143,29,1,0
BRDA:146,30,0,0
BRDA:146,30,1,4
BRDA:152,31,0,3
BRDA:152,31,1,1
BRDA:175,32,0,1
BRDA:175,32,1,0
BRDA:183,33,0,0
BRDA:183,33,1,0
BRDA:203,34,0,15
BRDA:203,34,1,1
BRDA:211,35,0,16
BRDA:211,35,1,15
BRDA:211,35,2,2
BRDA:221,36,0,11
BRDA:221,36,1,5
BRDA:221,37,0,16
BRDA:221,37,1,16
BRDA:226,38,0,5
BRDA:226,38,1,11
BRDA:256,39,0,1
BRDA:256,39,1,15
BRDA:260,40,0,13
BRDA:260,40,1,2
BRDA:260,41,0,15
BRDA:260,41,1,13
BRDA:299,42,0,5
BRDA:299,42,1,0
BRDA:301,43,0,10
BRDA:301,43,1,7
BRF:89
BRH:68
end_of_record
TN:
SF:/Users/changming/projects/alibaba/uxcore/uxcore-cascade-select/src/CascadeSubmenu.jsx
FN:7,(anonymous_1)
FN:11,_defaults
FN:13,_defineProperty
FN:15,_classCallCheck
FN:17,_possibleConstructorReturn
FN:19,_inherits
FN:31,isNotEmpty
FN:38,(anonymous_8)
FN:41,CascadeSubmenu
FN:47,onItemClick
FN:53,onItemHover
FN:57,(anonymous_12)
FN:64,renderUlList
FN:69,(anonymous_14)
FN:88,renderSubmenus
FN:108,(anonymous_16)
FN:109,(anonymous_17)
FN:128,render
FN:152,onItemClick
FNF:19
FNH:17
FNDA:32,(anonymous_1)
FNDA:1,_defaults
FNDA:8,_defineProperty
FNDA:6,_classCallCheck
FNDA:6,_possibleConstructorReturn
FNDA:1,_inherits
FNDA:32,isNotEmpty
FNDA:1,(anonymous_8)
FNDA:6,CascadeSubmenu
FNDA:1,onItemClick
FNDA:1,onItemHover
FNDA:0,(anonymous_12)
FNDA:8,renderUlList
FNDA:32,(anonymous_14)
FNDA:6,renderSubmenus
FNDA:3,(anonymous_16)
FNDA:3,(anonymous_17)
FNDA:6,render
FNDA:0,onItemClick
DA:3,1
DA:7,32
DA:9,1
DA:11,6
DA:13,8
DA:15,6
DA:17,6
DA:19,1
DA:27,1
DA:28,1
DA:29,1
DA:31,1
DA:32,32
DA:33,31
DA:35,1
DA:38,1
DA:39,1
DA:41,1
DA:42,6
DA:44,6
DA:47,1
DA:48,1
DA:49,1
DA:53,1
DA:54,1
DA:56,1
DA:57,1
DA:58,0
DA:59,0
DA:64,1
DA:65,8
DA:67,8
DA:69,8
DA:70,32
DA:71,32
DA:72,22
DA:73,10
DA:74,10
DA:76,32
DA:88,1
DA:89,6
DA:91,6
DA:97,6
DA:98,6
DA:107,6
DA:108,6
DA:109,3
DA:110,3
DA:112,3
DA:113,3
DA:114,3
DA:115,2
DA:125,6
DA:128,1
DA:129,6
DA:140,1
DA:143,1
DA:150,1
DA:158,1
DA:159,1
LF:60
LH:58
BRDA:7,1,0,1
BRDA:7,1,1,1
BRDA:7,2,0,32
BRDA:7,2,1,0
BRDA:11,3,0,1
BRDA:11,3,1,5
BRDA:11,4,0,6
BRDA:11,4,1,6
BRDA:11,4,2,1
BRDA:13,5,0,0
BRDA:13,5,1,8
BRDA:15,6,0,0
BRDA:15,6,1,6
BRDA:17,7,0,0
BRDA:17,7,1,6
BRDA:17,8,0,6
BRDA:17,8,1,0
BRDA:17,9,0,6
BRDA:17,9,1,6
BRDA:17,9,2,0
BRDA:19,10,0,0
BRDA:19,10,1,1
BRDA:19,11,0,1
BRDA:19,11,1,0
BRDA:19,12,0,1
BRDA:19,12,1,1
BRDA:19,13,0,1
BRDA:19,13,1,0
BRDA:19,14,0,0
BRDA:19,14,1,1
BRDA:32,15,0,31
BRDA:32,15,1,1
BRDA:48,16,0,1
BRDA:48,16,1,0
BRDA:58,17,0,0
BRDA:58,17,1,0
BRDA:71,18,0,22
BRDA:71,18,1,10
BRDA:73,19,0,10
BRDA:73,19,1,0
BRDA:109,20,0,3
BRDA:109,20,1,1
BRDA:112,21,0,3
BRDA:112,21,1,3
BRDA:114,22,0,2
BRDA:114,22,1,1
BRDA:119,23,0,2
BRDA:119,23,1,0
BRF:48
BRH:33
end_of_record
TN:
SF:/Users/changming/projects/alibaba/uxcore/uxcore-cascade-select/src/util.js
FN:9,(anonymous_1)
FN:11,(anonymous_2)
FN:19,(anonymous_3)
FN:40,i18n
FN:56,getArrayLeafItemContains
FNF:5
FNH:3
FNDA:1,(anonymous_1)
FNDA:0,(anonymous_2)
FNDA:9,(anonymous_3)
FNDA:15,i18n
FNDA:0,getArrayLeafItemContains
DA:3,1
DA:6,1
DA:7,1
DA:9,1
DA:10,1
DA:11,0
DA:12,0
DA:13,0
DA:16,0
DA:19,1
DA:20,9
DA:21,0
DA:23,9
DA:24,0
DA:26,9
DA:27,9
DA:28,9
DA:30,9
DA:31,9
DA:32,9
DA:33,9
DA:36,0
DA:40,1
DA:41,15
DA:43,15
DA:45,15
DA:49,15
DA:53,15
DA:56,1
DA:57,0
DA:58,0
DA:60,0
DA:61,0
DA:62,0
DA:63,0
DA:64,0
DA:65,0
DA:67,0
DA:68,0
DA:69,0
DA:70,0
DA:72,0
DA:74,0
DA:75,0
DA:76,0
DA:79,0
DA:82,1
DA:87,1
LF:48
LH:24
BRDA:10,1,0,0
BRDA:10,1,1,1
BRDA:20,2,0,0
BRDA:20,2,1,9
BRDA:23,3,0,0
BRDA:23,3,1,9
BRDA:32,4,0,9
BRDA:32,4,1,0
BRDA:41,5,0,15
BRDA:41,5,1,0
BRDA:41,6,0,15
BRDA:41,6,1,15
BRDA:53,7,0,15
BRDA:53,7,1,0
BRDA:57,8,0,0
BRDA:57,8,1,0
BRDA:57,9,0,0
BRDA:57,9,1,0
BRDA:58,10,0,0
BRDA:58,10,1,0
BRDA:58,11,0,0
BRDA:58,11,1,0
BRDA:64,12,0,0
BRDA:64,12,1,0
BRDA:67,13,0,0
BRDA:67,13,1,0
BRDA:75,14,0,0
BRDA:75,14,1,0
BRDA:76,15,0,0
BRDA:76,15,1,0
BRF:30
BRH:8
end_of_record
TN:
SF:/Users/changming/projects/alibaba/uxcore/uxcore-cascade-select/src/SuperComponent.js
FN:7,_defaults
FN:9,_classCallCheck
FN:11,_possibleConstructorReturn
FN:13,_inherits
FN:17,(anonymous_5)
FN:20,SuperComponent
FN:26,prefixCls
FNF:7
FNH:7
FNDA:1,_defaults
FNDA:17,_classCallCheck
FNDA:17,_possibleConstructorReturn
FNDA:1,_inherits
FNDA:1,(anonymous_5)
FNDA:17,SuperComponent
FNDA:159,prefixCls
DA:3,1
DA:7,5
DA:9,17
DA:11,17
DA:13,1
DA:15,1
DA:17,1
DA:18,1
DA:20,1
DA:21,17
DA:23,17
DA:26,1
DA:27,159
DA:29,159
DA:32,1
DA:35,1
DA:39,1
DA:40,1
LF:18
LH:18
BRDA:7,1,0,0
BRDA:7,1,1,5
BRDA:7,2,0,5
BRDA:7,2,1,5
BRDA:7,2,2,0
BRDA:9,3,0,0
BRDA:9,3,1,17
BRDA:11,4,0,0
BRDA:11,4,1,17
BRDA:11,5,0,0
BRDA:11,5,1,17
BRDA:11,6,0,17
BRDA:11,6,1,0
BRDA:11,6,2,0
BRDA:13,7,0,0
BRDA:13,7,1,1
BRDA:13,8,0,1
BRDA:13,8,1,0
BRDA:13,9,0,1
BRDA:13,9,1,1
BRDA:13,10,0,1
BRDA:13,10,1,0
BRDA:13,11,0,0
BRDA:13,11,1,1
BRF:24
BRH:13
end_of_record
