TN:
SF:/Users/changming/projects/alibaba/uxcore/uxcore-cascade-select/src/index.js
FNF:0
FNH:0
DA:11,1
LF:1
LH:1
BRF:0
BRH:0
end_of_record
TN:
SF:/Users/changming/projects/alibaba/uxcore/uxcore-cascade-select/src/CascadeSelect.jsx
FN:47,_interopRequireDefault
FN:49,_defaults
FN:51,_defineProperty
FN:53,_classCallCheck
FN:55,_possibleConstructorReturn
FN:57,_inherits
FN:66,noop
FN:68,(anonymous_8)
FN:71,CascadeSelect
FN:76,(anonymous_10)
FN:159,getSelectPlaceholder
FN:165,getDerivedStateFromProps
FN:193,getSelectedOptions
FN:204,_loop
FN:210,(anonymous_15)
FN:232,componentDidMount
FN:236,componentDidUpdate
FN:246,(anonymous_18)
FN:252,saveRef
FN:254,(anonymous_20)
FN:266,fetchOptions
FN:280,(anonymous_22)
FN:284,(anonymous_23)
FN:286,(anonymous_24)
FN:290,(anonymous_25)
FN:301,(anonymous_26)
FN:309,setMultiState
FN:312,(anonymous_28)
FN:323,returnMultiState
FN:326,(anonymous_30)
FN:337,setValue
FN:343,(anonymous_32)
FN:352,getAsyncSelectedOptions
FN:366,recursive
FN:380,(anonymous_35)
FN:388,internalExecute
FN:389,(anonymous_37)
FN:407,onValueChange
FN:424,clearContent
FN:435,onDropDownVisibleChange
FN:443,renderContent
FN:486,onValueChange
FN:489,onSearchResultChange
FN:523,renderSelect2Options
FN:525,(anonymous_45)
FN:539,renderSelect
FN:551,_loop2
FN:577,onChange
FN:582,(anonymous_49)
FN:587,(anonymous_50)
FN:596,(anonymous_51)
FN:619,renderSearchResult
FN:624,(anonymous_53)
FN:631,(anonymous_54)
FN:641,(anonymous_55)
FN:647,getDomWidth
FN:654,render
FN:693,onOkButtonClick
FN:703,(anonymous_59)
FN:740,onChange
FN:746,beforeRender
FN:748,(anonymous_62)
FNF:62
FNH:50
FNDA:10,_interopRequireDefault
FNDA:0,_defaults
FNDA:440,_defineProperty
FNDA:21,_classCallCheck
FNDA:21,_possibleConstructorReturn
FNDA:1,_inherits
FNDA:0,noop
FNDA:1,(anonymous_8)
FNDA:21,CascadeSelect
FNDA:6,(anonymous_10)
FNDA:27,getSelectPlaceholder
FNDA:64,getDerivedStateFromProps
FNDA:66,getSelectedOptions
FNDA:39,_loop
FNDA:39,(anonymous_15)
FNDA:21,componentDidMount
FNDA:43,componentDidUpdate
FNDA:0,(anonymous_18)
FNDA:55,saveRef
FNDA:104,(anonymous_20)
FNDA:5,fetchOptions
FNDA:4,(anonymous_22)
FNDA:4,(anonymous_23)
FNDA:6,(anonymous_24)
FNDA:12,(anonymous_25)
FNDA:0,(anonymous_26)
FNDA:21,setMultiState
FNDA:26,(anonymous_28)
FNDA:47,returnMultiState
FNDA:38,(anonymous_30)
FNDA:21,setValue
FNDA:2,(anonymous_32)
FNDA:2,getAsyncSelectedOptions
FNDA:6,recursive
FNDA:4,(anonymous_35)
FNDA:6,internalExecute
FNDA:10,(anonymous_37)
FNDA:8,onValueChange
FNDA:1,clearContent
FNDA:0,onDropDownVisibleChange
FNDA:55,renderContent
FNDA:0,onValueChange
FNDA:0,onSearchResultChange
FNDA:27,renderSelect2Options
FNDA:50,(anonymous_45)
FNDA:9,renderSelect
FNDA:27,_loop2
FNDA:1,onChange
FNDA:0,(anonymous_49)
FNDA:2,(anonymous_50)
FNDA:1,(anonymous_51)
FNDA:0,renderSearchResult
FNDA:0,(anonymous_53)
FNDA:0,(anonymous_54)
FNDA:0,(anonymous_55)
FNDA:43,getDomWidth
FNDA:64,render
FNDA:1,onOkButtonClick
FNDA:1,(anonymous_59)
FNDA:5,onChange
FNDA:12,beforeRender
FNDA:26,(anonymous_62)
DA:3,1
DA:5,1
DA:7,1
DA:9,1
DA:11,1
DA:13,1
DA:15,1
DA:17,1
DA:19,1
DA:21,1
DA:23,1
DA:25,1
DA:27,1
DA:29,1
DA:31,1
DA:33,1
DA:35,1
DA:37,1
DA:39,1
DA:41,1
DA:43,1
DA:45,1
DA:47,10
DA:49,1
DA:51,440
DA:53,21
DA:55,21
DA:57,1
DA:66,1
DA:68,1
DA:69,1
DA:71,1
DA:72,21
DA:74,21
DA:76,21
DA:77,6
DA:80,6
DA:85,6
DA:87,6
DA:88,6
DA:89,6
DA:90,6
DA:91,6
DA:93,6
DA:95,1
DA:96,1
DA:98,5
DA:101,6
DA:102,6
DA:103,1
DA:105,6
DA:109,6
DA:110,0
DA:111,0
DA:113,0
DA:116,0
DA:118,6
DA:119,3
DA:120,3
DA:121,3
DA:125,6
DA:126,3
DA:128,6
DA:135,21
DA:149,21
DA:151,21
DA:152,0
DA:153,21
DA:154,4
DA:156,17
DA:159,21
DA:160,27
DA:162,21
DA:165,1
DA:166,64
DA:170,64
DA:171,64
DA:172,64
DA:173,64
DA:174,1
DA:179,64
DA:180,47
DA:181,47
DA:182,47
DA:183,47
DA:184,1
DA:185,1
DA:186,1
DA:190,64
DA:193,1
DA:194,66
DA:195,66
DA:197,66
DA:199,66
DA:200,66
DA:201,13
DA:202,13
DA:204,13
DA:205,39
DA:206,13
DA:208,26
DA:210,39
DA:211,39
DA:213,39
DA:214,39
DA:216,0
DA:217,0
DA:221,13
DA:222,39
DA:224,39
DA:226,53
DA:227,10
DA:229,66
DA:232,1
DA:233,21
DA:236,1
DA:237,43
DA:239,43
DA:241,43
DA:243,43
DA:244,43
DA:245,43
DA:246,0
DA:247,0
DA:252,1
DA:253,55
DA:254,55
DA:255,104
DA:266,1
DA:267,5
DA:269,5
DA:270,5
DA:272,5
DA:273,0
DA:275,5
DA:279,5
DA:280,4
DA:281,4
DA:282,4
DA:283,4
DA:285,4
DA:286,4
DA:287,6
DA:288,0
DA:290,6
DA:291,12
DA:293,6
DA:294,2
DA:297,4
DA:298,4
DA:299,4
DA:300,4
DA:302,0
DA:303,0
DA:306,1
DA:309,1
DA:310,21
DA:311,21
DA:312,9
DA:313,26
DA:316,21
DA:323,1
DA:324,47
DA:325,47
DA:326,13
DA:327,38
DA:330,47
DA:337,1
DA:338,21
DA:340,21
DA:342,21
DA:343,2
DA:344,2
DA:347,19
DA:348,19
DA:352,1
DA:353,2
DA:355,2
DA:357,2
DA:358,2
DA:361,2
DA:363,2
DA:364,2
DA:365,2
DA:366,2
DA:367,6
DA:369,6
DA:370,6
DA:371,0
DA:372,0
DA:374,6
DA:375,2
DA:377,4
DA:379,6
DA:380,4
DA:381,4
DA:382,4
DA:385,2
DA:388,1
DA:389,6
DA:390,10
DA:392,6
DA:393,6
DA:394,6
DA:395,2
DA:397,4
DA:400,0
DA:401,0
DA:404,2
DA:407,1
DA:408,8
DA:413,8
DA:414,8
DA:415,1
DA:416,1
DA:419,7
DA:424,1
DA:425,1
DA:426,1
DA:432,1
DA:435,1
DA:436,0
DA:438,0
DA:439,0
DA:443,1
DA:444,55
DA:448,55
DA:452,55
DA:458,55
DA:459,55
DA:460,53
DA:463,55
DA:465,55
DA:479,55
DA:480,4
DA:487,0
DA:490,0
DA:495,55
DA:523,1
DA:524,27
DA:525,27
DA:526,50
DA:536,0
DA:539,1
DA:540,9
DA:542,9
DA:546,9
DA:548,9
DA:549,9
DA:551,9
DA:552,27
DA:553,27
DA:554,2
DA:556,27
DA:578,1
DA:579,1
DA:580,1
DA:581,0
DA:582,0
DA:583,0
DA:586,1
DA:587,1
DA:588,2
DA:590,1
DA:591,1
DA:593,1
DA:594,1
DA:596,1
DA:597,1
DA:609,9
DA:610,27
DA:612,9
DA:619,1
DA:620,0
DA:622,0
DA:624,0
DA:625,0
DA:629,0
DA:630,0
DA:631,0
DA:632,0
DA:635,0
DA:642,0
DA:647,1
DA:648,43
DA:649,29
DA:651,14
DA:654,1
DA:655,64
DA:657,64
DA:658,9
DA:661,55
DA:669,55
DA:674,55
DA:675,2
DA:677,53
DA:681,53
DA:682,0
DA:683,53
DA:684,47
DA:694,1
DA:695,1
DA:696,1
DA:697,1
DA:698,1
DA:704,1
DA:705,1
DA:706,1
DA:716,53
DA:730,1
DA:733,1
DA:747,12
DA:748,12
DA:749,26
DA:752,0
DA:764,1
DA:786,1
DA:787,1
DA:789,1
LF:319
LH:281
BRDA:47,1,0,0
BRDA:47,1,1,10
BRDA:47,2,0,10
BRDA:47,2,1,10
BRDA:49,3,0,0
BRDA:49,3,1,0
BRDA:49,4,0,0
BRDA:49,4,1,0
BRDA:49,4,2,0
BRDA:51,5,0,0
BRDA:51,5,1,440
BRDA:53,6,0,0
BRDA:53,6,1,21
BRDA:55,7,0,0
BRDA:55,7,1,21
BRDA:55,8,0,21
BRDA:55,8,1,0
BRDA:55,9,0,21
BRDA:55,9,1,21
BRDA:55,9,2,0
BRDA:57,10,0,0
BRDA:57,10,1,1
BRDA:57,11,0,1
BRDA:57,11,1,0
BRDA:57,12,0,1
BRDA:57,12,1,1
BRDA:57,13,0,1
BRDA:57,13,1,0
BRDA:57,14,0,1
BRDA:57,14,1,0
BRDA:93,15,0,1
BRDA:93,15,1,5
BRDA:102,16,0,1
BRDA:102,16,1,5
BRDA:109,17,0,0
BRDA:109,17,1,6
BRDA:109,18,0,6
BRDA:109,18,1,0
BRDA:109,18,2,0
BRDA:110,19,0,0
BRDA:110,19,1,0
BRDA:118,20,0,3
BRDA:118,20,1,3
BRDA:118,21,0,6
BRDA:118,21,1,3
BRDA:119,22,0,3
BRDA:119,22,1,0
BRDA:125,23,0,3
BRDA:125,23,1,3
BRDA:125,24,0,6
BRDA:125,24,1,6
BRDA:125,24,2,3
BRDA:144,25,0,21
BRDA:144,25,1,15
BRDA:145,26,0,21
BRDA:145,26,1,15
BRDA:151,27,0,0
BRDA:151,27,1,21
BRDA:153,28,0,4
BRDA:153,28,1,17
BRDA:159,29,0,21
BRDA:159,29,1,21
BRDA:171,30,0,64
BRDA:171,30,1,22
BRDA:173,31,0,1
BRDA:173,31,1,63
BRDA:179,32,0,47
BRDA:179,32,1,17
BRDA:179,33,0,64
BRDA:179,33,1,17
BRDA:180,34,0,47
BRDA:180,34,1,0
BRDA:182,35,0,47
BRDA:182,35,1,0
BRDA:183,36,0,1
BRDA:183,36,1,46
BRDA:199,37,0,66
BRDA:199,37,1,57
BRDA:200,38,0,13
BRDA:200,38,1,53
BRDA:200,39,0,66
BRDA:200,39,1,66
BRDA:205,40,0,13
BRDA:205,40,1,26
BRDA:208,41,0,26
BRDA:208,41,1,26
BRDA:213,42,0,39
BRDA:213,42,1,0
BRDA:213,43,0,39
BRDA:213,43,1,39
BRDA:224,44,0,0
BRDA:224,44,1,39
BRDA:226,45,0,10
BRDA:226,45,1,43
BRDA:226,46,0,53
BRDA:226,46,1,53
BRDA:243,47,0,43
BRDA:243,47,1,16
BRDA:245,48,0,0
BRDA:245,48,1,43
BRDA:245,49,0,43
BRDA:245,49,1,10
BRDA:245,49,2,10
BRDA:272,50,0,0
BRDA:272,50,1,5
BRDA:279,51,0,4
BRDA:279,51,1,1
BRDA:279,52,0,5
BRDA:279,52,1,4
BRDA:287,53,0,0
BRDA:287,53,1,6
BRDA:293,54,0,2
BRDA:293,54,1,4
BRDA:311,55,0,9
BRDA:311,55,1,12
BRDA:311,56,0,21
BRDA:311,56,1,21
BRDA:317,57,0,21
BRDA:317,57,1,12
BRDA:318,58,0,21
BRDA:318,58,1,12
BRDA:325,59,0,13
BRDA:325,59,1,34
BRDA:325,60,0,47
BRDA:325,60,1,47
BRDA:331,61,0,47
BRDA:331,61,1,34
BRDA:332,62,0,47
BRDA:332,62,1,34
BRDA:342,63,0,2
BRDA:342,63,1,19
BRDA:355,64,0,2
BRDA:355,64,1,0
BRDA:355,65,0,2
BRDA:355,65,1,2
BRDA:363,66,0,2
BRDA:363,66,1,0
BRDA:367,67,0,4
BRDA:367,67,1,2
BRDA:367,68,0,6
BRDA:367,68,1,4
BRDA:370,69,0,0
BRDA:370,69,1,6
BRDA:374,70,0,2
BRDA:374,70,1,4
BRDA:377,71,0,4
BRDA:377,71,1,4
BRDA:379,72,0,4
BRDA:379,72,1,2
BRDA:379,73,0,6
BRDA:379,73,1,4
BRDA:381,74,0,4
BRDA:381,74,1,4
BRDA:392,75,0,6
BRDA:392,75,1,0
BRDA:392,76,0,6
BRDA:392,76,1,6
BRDA:394,77,0,2
BRDA:394,77,1,4
BRDA:413,78,0,8
BRDA:413,78,1,0
BRDA:414,79,0,1
BRDA:414,79,1,7
BRDA:415,80,0,1
BRDA:415,80,1,0
BRDA:415,81,0,1
BRDA:415,81,1,1
BRDA:415,81,2,0
BRDA:415,81,3,0
BRDA:415,81,4,0
BRDA:415,81,5,0
BRDA:415,81,6,0
BRDA:438,82,0,0
BRDA:438,82,1,0
BRDA:459,83,0,53
BRDA:459,83,1,2
BRDA:463,84,0,12
BRDA:463,84,1,43
BRDA:471,85,0,43
BRDA:471,85,1,12
BRDA:471,86,0,55
BRDA:471,86,1,55
BRDA:479,87,0,4
BRDA:479,87,1,51
BRDA:499,88,0,55
BRDA:499,88,1,53
BRDA:499,88,2,3
BRDA:524,89,0,27
BRDA:524,89,1,0
BRDA:553,90,0,2
BRDA:553,90,1,25
BRDA:580,91,0,0
BRDA:580,91,1,1
BRDA:593,92,0,1
BRDA:593,92,1,0
BRDA:593,93,0,1
BRDA:593,93,1,0
BRDA:604,94,0,2
BRDA:604,94,1,25
BRDA:630,95,0,0
BRDA:630,95,1,0
BRDA:630,96,0,0
BRDA:630,96,1,0
BRDA:648,97,0,29
BRDA:648,97,1,14
BRDA:657,98,0,9
BRDA:657,98,1,55
BRDA:674,99,0,2
BRDA:674,99,1,53
BRDA:679,100,0,4
BRDA:679,100,1,49
BRDA:681,101,0,0
BRDA:681,101,1,53
BRDA:681,102,0,53
BRDA:681,102,1,4
BRDA:683,103,0,47
BRDA:683,103,1,6
BRDA:683,104,0,53
BRDA:683,104,1,47
BRDA:697,105,0,1
BRDA:697,105,1,0
BRDA:697,106,0,1
BRDA:697,106,1,1
BRDA:710,107,0,47
BRDA:710,107,1,43
BRDA:747,108,0,12
BRDA:747,108,1,0
BRDA:749,109,0,26
BRDA:749,109,1,23
BRF:229
BRH:176
end_of_record
TN:
SF:/Users/changming/projects/alibaba/uxcore/uxcore-cascade-select/src/i18n.js
FNF:0
FNH:0
DA:3,1
LF:1
LH:1
BRF:0
BRH:0
end_of_record
TN:
SF:/Users/changming/projects/alibaba/uxcore/uxcore-cascade-select/src/CascadeSubmenu.jsx
FN:7,(anonymous_1)
FN:35,_interopRequireDefault
FN:37,_defaults
FN:39,_defineProperty
FN:41,_classCallCheck
FN:43,_possibleConstructorReturn
FN:45,_inherits
FN:54,isNotEmpty
FN:61,(anonymous_9)
FN:64,CascadeSubmenu
FN:70,onItemClick
FN:76,onItemHover
FN:80,(anonymous_13)
FN:87,renderUlList
FN:92,(anonymous_15)
FN:135,renderLoading
FN:139,renderSubmenus
FN:172,(anonymous_18)
FN:179,(anonymous_19)
FN:199,renderBottomBar
FN:213,renderItemDescription
FN:231,renderAllSelection
FN:244,(anonymous_23)
FN:257,render
FN:301,onItemClick
FN:306,onOkButtonClick
FNF:26
FNH:21
FNDA:0,(anonymous_1)
FNDA:6,_interopRequireDefault
FNDA:0,_defaults
FNDA:22,_defineProperty
FNDA:14,_classCallCheck
FNDA:14,_possibleConstructorReturn
FNDA:1,_inherits
FNDA:82,isNotEmpty
FNDA:1,(anonymous_9)
FNDA:14,CascadeSubmenu
FNDA:2,onItemClick
FNDA:1,onItemHover
FNDA:1,(anonymous_13)
FNDA:22,renderUlList
FNDA:82,(anonymous_15)
FNDA:0,renderLoading
FNDA:14,renderSubmenus
FNDA:12,(anonymous_18)
FNDA:12,(anonymous_19)
FNDA:4,renderBottomBar
FNDA:4,renderItemDescription
FNDA:4,renderAllSelection
FNDA:6,(anonymous_23)
FNDA:14,render
FNDA:0,onItemClick
FNDA:0,onOkButtonClick
DA:3,1
DA:7,1
DA:9,1
DA:11,1
DA:13,1
DA:15,1
DA:17,1
DA:19,1
DA:21,1
DA:23,1
DA:25,1
DA:27,1
DA:29,1
DA:31,1
DA:33,1
DA:35,6
DA:37,1
DA:39,22
DA:41,14
DA:43,14
DA:45,1
DA:54,1
DA:55,82
DA:56,74
DA:58,8
DA:61,1
DA:62,1
DA:64,1
DA:65,14
DA:67,14
DA:70,1
DA:71,2
DA:72,2
DA:76,1
DA:77,1
DA:79,1
DA:80,1
DA:81,1
DA:82,1
DA:87,1
DA:88,22
DA:90,22
DA:92,22
DA:93,82
DA:94,82
DA:95,62
DA:96,20
DA:97,20
DA:100,82
DA:101,12
DA:102,4
DA:103,4
DA:104,4
DA:105,0
DA:106,0
DA:109,8
DA:110,8
DA:111,4
DA:112,0
DA:114,4
DA:116,4
DA:117,4
DA:123,82
DA:135,1
DA:136,0
DA:139,1
DA:140,14
DA:142,14
DA:150,14
DA:151,14
DA:152,14
DA:153,4
DA:155,14
DA:156,14
DA:157,14
DA:158,4
DA:160,10
DA:162,14
DA:171,14
DA:172,14
DA:173,12
DA:174,12
DA:175,8
DA:177,4
DA:179,12
DA:180,12
DA:182,12
DA:183,12
DA:184,12
DA:185,8
DA:196,14
DA:199,1
DA:200,4
DA:201,4
DA:202,4
DA:213,1
DA:215,4
DA:216,2
DA:217,2
DA:218,2
DA:219,2
DA:228,2
DA:231,1
DA:232,4
DA:233,4
DA:245,6
DA:257,1
DA:258,14
DA:259,14
DA:260,1
DA:265,14
DA:283,1
DA:286,1
DA:299,1
DA:311,1
DA:313,1
DA:314,1
LF:117
LH:113
BRDA:7,1,0,1
BRDA:7,1,1,0
BRDA:7,2,0,0
BRDA:7,2,1,0
BRDA:35,3,0,0
BRDA:35,3,1,6
BRDA:35,4,0,6
BRDA:35,4,1,6
BRDA:37,5,0,0
BRDA:37,5,1,0
BRDA:37,6,0,0
BRDA:37,6,1,0
BRDA:37,6,2,0
BRDA:39,7,0,0
BRDA:39,7,1,22
BRDA:41,8,0,0
BRDA:41,8,1,14
BRDA:43,9,0,0
BRDA:43,9,1,14
BRDA:43,10,0,14
BRDA:43,10,1,0
BRDA:43,11,0,14
BRDA:43,11,1,14
BRDA:43,11,2,0
BRDA:45,12,0,0
BRDA:45,12,1,1
BRDA:45,13,0,1
BRDA:45,13,1,0
BRDA:45,14,0,1
BRDA:45,14,1,1
BRDA:45,15,0,1
BRDA:45,15,1,0
BRDA:45,16,0,1
BRDA:45,16,1,0
BRDA:55,17,0,74
BRDA:55,17,1,8
BRDA:71,18,0,2
BRDA:71,18,1,0
BRDA:81,19,0,1
BRDA:81,19,1,0
BRDA:94,20,0,62
BRDA:94,20,1,20
BRDA:96,21,0,20
BRDA:96,21,1,0
BRDA:100,22,0,12
BRDA:100,22,1,70
BRDA:101,23,0,4
BRDA:101,23,1,8
BRDA:103,24,0,4
BRDA:103,24,1,0
BRDA:105,25,0,0
BRDA:105,25,1,0
BRDA:110,26,0,4
BRDA:110,26,1,4
BRDA:111,27,0,0
BRDA:111,27,1,4
BRDA:116,28,0,4
BRDA:116,28,1,0
BRDA:152,29,0,4
BRDA:152,29,1,10
BRDA:157,30,0,4
BRDA:157,30,1,10
BRDA:157,31,0,14
BRDA:157,31,1,14
BRDA:174,32,0,8
BRDA:174,32,1,4
BRDA:174,33,0,12
BRDA:174,33,1,12
BRDA:179,34,0,12
BRDA:179,34,1,4
BRDA:182,35,0,12
BRDA:182,35,1,12
BRDA:184,36,0,8
BRDA:184,36,1,4
BRDA:184,37,0,12
BRDA:184,37,1,4
BRDA:189,38,0,8
BRDA:189,38,1,0
BRDA:192,39,0,0
BRDA:192,39,1,8
BRDA:201,40,0,4
BRDA:201,40,1,0
BRDA:215,41,0,2
BRDA:215,41,1,2
BRDA:215,42,0,4
BRDA:215,42,1,2
BRDA:215,42,2,2
BRDA:218,43,0,2
BRDA:218,43,1,0
BRDA:224,44,0,2
BRDA:224,44,1,0
BRDA:244,45,0,2
BRDA:244,45,1,2
BRDA:259,46,0,1
BRDA:259,46,1,13
BRDA:275,47,0,10
BRDA:275,47,1,4
BRDA:277,48,0,10
BRDA:277,48,1,4
BRDA:278,49,0,10
BRDA:278,49,1,4
BRF:101
BRH:70
end_of_record
TN:
SF:/Users/changming/projects/alibaba/uxcore/uxcore-cascade-select/src/util.js
FN:9,(anonymous_1)
FN:11,(anonymous_2)
FN:19,(anonymous_3)
FN:40,deepCopy
FN:44,getArrayLeafItemContains
FN:48,recursion
FN:51,(anonymous_7)
FN:65,(anonymous_8)
FN:73,getOptions
FN:90,stringify
FNF:10
FNH:9
FNDA:1,(anonymous_1)
FNDA:63,(anonymous_2)
FNDA:0,(anonymous_3)
FNDA:147,deepCopy
FNDA:10,getArrayLeafItemContains
FNDA:36,recursion
FNDA:66,(anonymous_7)
FNDA:19,(anonymous_8)
FNDA:46,getOptions
FNDA:556,stringify
DA:3,1
DA:6,1
DA:7,1
DA:9,1
DA:10,1
DA:11,1
DA:12,63
DA:13,63
DA:16,63
DA:19,0
DA:20,0
DA:21,0
DA:23,0
DA:24,0
DA:26,0
DA:27,0
DA:28,0
DA:30,0
DA:31,0
DA:32,0
DA:33,0
DA:36,0
DA:40,1
DA:41,147
DA:44,1
DA:45,10
DA:46,10
DA:47,10
DA:48,1
DA:49,36
DA:51,36
DA:52,66
DA:53,39
DA:54,7
DA:55,7
DA:57,39
DA:58,26
DA:62,10
DA:63,10
DA:64,7
DA:65,7
DA:66,19
DA:67,19
DA:70,7
DA:73,1
DA:74,46
DA:75,46
DA:77,46
DA:78,21
DA:80,25
DA:81,25
DA:82,41
DA:83,19
DA:87,6
DA:90,1
DA:91,556
DA:94,1
DA:101,1
LF:58
LH:45
BRDA:10,1,0,1
BRDA:10,1,1,0
BRDA:20,2,0,0
BRDA:20,2,1,0
BRDA:23,3,0,0
BRDA:23,3,1,0
BRDA:32,4,0,0
BRDA:32,4,1,0
BRDA:49,5,0,26
BRDA:49,5,1,10
BRDA:49,6,0,36
BRDA:49,6,1,26
BRDA:52,7,0,27
BRDA:52,7,1,39
BRDA:53,8,0,7
BRDA:53,8,1,32
BRDA:57,9,0,26
BRDA:57,9,1,13
BRDA:63,10,0,3
BRDA:63,10,1,7
BRDA:74,11,0,46
BRDA:74,11,1,0
BRDA:74,12,0,46
BRDA:74,12,1,46
BRDA:75,13,0,46
BRDA:75,13,1,0
BRDA:75,14,0,46
BRDA:75,14,1,46
BRDA:77,15,0,21
BRDA:77,15,1,25
BRDA:77,16,0,46
BRDA:77,16,1,21
BRDA:80,17,0,25
BRDA:80,17,1,0
BRDA:82,18,0,19
BRDA:82,18,1,22
BRDA:82,19,0,41
BRDA:82,19,1,25
BRF:38
BRH:28
end_of_record
TN:
SF:/Users/changming/projects/alibaba/uxcore/uxcore-cascade-select/src/SuperComponent.js
FN:15,_interopRequireDefault
FN:17,_defaults
FN:19,_classCallCheck
FN:21,_possibleConstructorReturn
FN:23,_inherits
FN:25,(anonymous_6)
FN:28,SuperComponent
FN:34,prefixCls
FN:37,(anonymous_9)
FNF:9
FNH:8
FNDA:2,_interopRequireDefault
FNDA:0,_defaults
FNDA:35,_classCallCheck
FNDA:35,_possibleConstructorReturn
FNDA:1,_inherits
FNDA:1,(anonymous_6)
FNDA:35,SuperComponent
FNDA:826,prefixCls
FNDA:840,(anonymous_9)
DA:3,1
DA:7,1
DA:9,1
DA:11,1
DA:13,1
DA:15,2
DA:17,1
DA:19,35
DA:21,35
DA:23,1
DA:25,1
DA:26,1
DA:28,1
DA:29,35
DA:31,35
DA:34,1
DA:35,826
DA:37,826
DA:38,840
DA:42,1
DA:45,1
DA:49,1
DA:50,1
LF:23
LH:23
BRDA:15,1,0,0
BRDA:15,1,1,2
BRDA:15,2,0,2
BRDA:15,2,1,2
BRDA:17,3,0,0
BRDA:17,3,1,0
BRDA:17,4,0,0
BRDA:17,4,1,0
BRDA:17,4,2,0
BRDA:19,5,0,0
BRDA:19,5,1,35
BRDA:21,6,0,0
BRDA:21,6,1,35
BRDA:21,7,0,0
BRDA:21,7,1,35
BRDA:21,8,0,35
BRDA:21,8,1,0
BRDA:21,8,2,0
BRDA:23,9,0,0
BRDA:23,9,1,1
BRDA:23,10,0,1
BRDA:23,10,1,0
BRDA:23,11,0,1
BRDA:23,11,1,1
BRDA:23,12,0,1
BRDA:23,12,1,0
BRDA:23,13,0,1
BRDA:23,13,1,0
BRF:28
BRH:13
end_of_record
TN:
SF:/Users/changming/projects/alibaba/uxcore/uxcore-cascade-select/src/Search.jsx
FN:15,_interopRequireDefault
FN:17,Search
FN:31,onChange
FN:40,(anonymous_4)
FN:58,(anonymous_5)
FN:74,(anonymous_6)
FN:80,onClick
FN:83,onMouseEnter
FN:86,onMouseLeave
FNF:9
FNH:2
FNDA:2,_interopRequireDefault
FNDA:4,Search
FNDA:0,onChange
FNDA:0,(anonymous_4)
FNDA:0,(anonymous_5)
FNDA:0,(anonymous_6)
FNDA:0,onClick
FNDA:0,onMouseEnter
FNDA:0,onMouseLeave
DA:3,1
DA:7,1
DA:9,1
DA:11,1
DA:13,1
DA:15,2
DA:17,1
DA:18,4
DA:25,4
DA:32,0
DA:34,0
DA:35,0
DA:37,0
DA:39,0
DA:40,0
DA:41,0
DA:48,1
DA:58,1
DA:59,0
DA:75,0
DA:81,0
DA:84,0
DA:87,0
DA:97,1
DA:98,1
LF:25
LH:13
BRDA:15,1,0,0
BRDA:15,1,1,2
BRDA:15,2,0,2
BRDA:15,2,1,2
BRDA:30,3,0,0
BRDA:30,3,1,4
BRDA:34,4,0,0
BRDA:34,4,1,0
BRDA:34,5,0,0
BRDA:34,5,1,0
BRDA:34,5,2,0
BRDA:39,6,0,0
BRDA:39,6,1,0
BRF:13
BRH:4
end_of_record
